/root/bingx-trading-bot-website/backend/venv/lib/python3.10/site-packages/celery/platforms.py:829: SecurityWarning: You're running the worker with superuser privileges: this is
absolutely not recommended!

Please specify a different user using the --uid option.

User information: uid=0 euid=0 gid=0 egid=0

  warnings.warn(SecurityWarning(ROOT_DISCOURAGED.format(
 
 -------------- celery@srv9437269658 v5.3.6 (emerald-rush)
--- ***** ----- 
-- ******* ---- Linux-5.15.0-101-generic-x86_64-with-glibc2.35 2024-03-26 13:45:28
- *** --- * --- 
- ** ---------- [config]
- ** ---------- .> app:         trading_bot:0x7f95ab89dcc0
- ** ---------- .> transport:   redis://localhost:6379/0
- ** ---------- .> results:     disabled://
- *** --- * --- .> concurrency: 100 (gevent)
-- ******* ---- .> task events: OFF (enable -E to monitor tasks in this worker)
--- ***** ----- 
 -------------- [queues]
                .> celery           exchange=celery(direct) key=celery
                

[tasks]
  . run_trading_bot

[2024-03-26 13:45:28,231: ERROR/MainProcess] consumer: Cannot connect to redis://localhost:6379/0: Error 111 connecting to localhost:6379. Connection refused..
Trying again in 2.00 seconds... (1/100)

[2024-03-26 13:45:30,235: ERROR/MainProcess] consumer: Cannot connect to redis://localhost:6379/0: Error 111 connecting to localhost:6379. Connection refused..
Trying again in 4.00 seconds... (2/100)

[2024-03-26 13:45:34,240: ERROR/MainProcess] consumer: Cannot connect to redis://localhost:6379/0: Error 111 connecting to localhost:6379. Connection refused..
Trying again in 6.00 seconds... (3/100)

[2024-03-26 13:45:40,252: ERROR/MainProcess] consumer: Cannot connect to redis://localhost:6379/0: Error 111 connecting to localhost:6379. Connection refused..
Trying again in 8.00 seconds... (4/100)

[2024-03-26 13:45:48,263: ERROR/MainProcess] consumer: Cannot connect to redis://localhost:6379/0: Error 111 connecting to localhost:6379. Connection refused..
Trying again in 10.00 seconds... (5/100)

[2024-03-26 13:45:58,277: ERROR/MainProcess] consumer: Cannot connect to redis://localhost:6379/0: Error 111 connecting to localhost:6379. Connection refused..
Trying again in 12.00 seconds... (6/100)

[2024-03-26 13:46:10,294: ERROR/MainProcess] consumer: Cannot connect to redis://localhost:6379/0: Error 111 connecting to localhost:6379. Connection refused..
Trying again in 14.00 seconds... (7/100)

[2024-03-26 13:46:24,313: ERROR/MainProcess] consumer: Cannot connect to redis://localhost:6379/0: Error 111 connecting to localhost:6379. Connection refused..
Trying again in 16.00 seconds... (8/100)

[2024-03-26 13:46:40,332: ERROR/MainProcess] consumer: Cannot connect to redis://localhost:6379/0: Error 111 connecting to localhost:6379. Connection refused..
Trying again in 18.00 seconds... (9/100)

[2024-03-26 13:46:58,355: ERROR/MainProcess] consumer: Cannot connect to redis://localhost:6379/0: Error 111 connecting to localhost:6379. Connection refused..
Trying again in 20.00 seconds... (10/100)

[2024-03-26 13:47:18,380: ERROR/MainProcess] consumer: Cannot connect to redis://localhost:6379/0: Error 111 connecting to localhost:6379. Connection refused..
Trying again in 22.00 seconds... (11/100)

[2024-03-26 13:47:40,407: ERROR/MainProcess] consumer: Cannot connect to redis://localhost:6379/0: Error 111 connecting to localhost:6379. Connection refused..
Trying again in 24.00 seconds... (12/100)

[2024-03-26 13:48:04,436: ERROR/MainProcess] consumer: Cannot connect to redis://localhost:6379/0: Error 111 connecting to localhost:6379. Connection refused..
Trying again in 26.00 seconds... (13/100)

[2024-03-26 13:48:30,466: ERROR/MainProcess] consumer: Cannot connect to redis://localhost:6379/0: Error 111 connecting to localhost:6379. Connection refused..
Trying again in 28.00 seconds... (14/100)

[2024-03-26 13:48:58,498: ERROR/MainProcess] consumer: Cannot connect to redis://localhost:6379/0: Error 111 connecting to localhost:6379. Connection refused..
Trying again in 30.00 seconds... (15/100)

[2024-03-26 13:49:28,532: ERROR/MainProcess] consumer: Cannot connect to redis://localhost:6379/0: Error 111 connecting to localhost:6379. Connection refused..
Trying again in 32.00 seconds... (16/100)

[2024-03-26 13:50:00,570: ERROR/MainProcess] consumer: Cannot connect to redis://localhost:6379/0: Error 111 connecting to localhost:6379. Connection refused..
Trying again in 32.00 seconds... (16/100)

[2024-03-26 13:50:32,607: ERROR/MainProcess] consumer: Cannot connect to redis://localhost:6379/0: Error 111 connecting to localhost:6379. Connection refused..
Trying again in 32.00 seconds... (16/100)

[2024-03-26 13:51:04,643: ERROR/MainProcess] consumer: Cannot connect to redis://localhost:6379/0: Error 111 connecting to localhost:6379. Connection refused..
Trying again in 32.00 seconds... (16/100)

[2024-03-26 13:51:36,674: ERROR/MainProcess] consumer: Cannot connect to redis://localhost:6379/0: Error 111 connecting to localhost:6379. Connection refused..
Trying again in 32.00 seconds... (16/100)

[2024-03-26 13:52:08,709: ERROR/MainProcess] consumer: Cannot connect to redis://localhost:6379/0: Error 111 connecting to localhost:6379. Connection refused..
Trying again in 32.00 seconds... (16/100)

[2024-03-26 13:52:40,747: ERROR/MainProcess] consumer: Cannot connect to redis://localhost:6379/0: Error 111 connecting to localhost:6379. Connection refused..
Trying again in 32.00 seconds... (16/100)

[2024-03-26 13:53:12,784: ERROR/MainProcess] consumer: Cannot connect to redis://localhost:6379/0: Error 111 connecting to localhost:6379. Connection refused..
Trying again in 32.00 seconds... (16/100)

[2024-03-26 13:53:44,821: ERROR/MainProcess] consumer: Cannot connect to redis://localhost:6379/0: Error 111 connecting to localhost:6379. Connection refused..
Trying again in 32.00 seconds... (16/100)

[2024-03-26 13:54:16,858: ERROR/MainProcess] consumer: Cannot connect to redis://localhost:6379/0: Error 111 connecting to localhost:6379. Connection refused..
Trying again in 32.00 seconds... (16/100)

[2024-03-26 13:54:48,896: ERROR/MainProcess] consumer: Cannot connect to redis://localhost:6379/0: Error 111 connecting to localhost:6379. Connection refused..
Trying again in 32.00 seconds... (16/100)

[2024-03-26 13:55:20,934: ERROR/MainProcess] consumer: Cannot connect to redis://localhost:6379/0: Error 111 connecting to localhost:6379. Connection refused..
Trying again in 32.00 seconds... (16/100)

[2024-03-26 13:55:52,972: ERROR/MainProcess] consumer: Cannot connect to redis://localhost:6379/0: Error 111 connecting to localhost:6379. Connection refused..
Trying again in 32.00 seconds... (16/100)

[2024-03-26 13:56:25,010: ERROR/MainProcess] consumer: Cannot connect to redis://localhost:6379/0: Error 111 connecting to localhost:6379. Connection refused..
Trying again in 32.00 seconds... (16/100)

[2024-03-26 13:56:57,045: ERROR/MainProcess] consumer: Cannot connect to redis://localhost:6379/0: Error 111 connecting to localhost:6379. Connection refused..
Trying again in 32.00 seconds... (16/100)

[2024-03-26 13:57:29,082: ERROR/MainProcess] consumer: Cannot connect to redis://localhost:6379/0: Error 111 connecting to localhost:6379. Connection refused..
Trying again in 32.00 seconds... (16/100)

[2024-03-26 13:58:01,119: ERROR/MainProcess] consumer: Cannot connect to redis://localhost:6379/0: Error 111 connecting to localhost:6379. Connection refused..
Trying again in 32.00 seconds... (16/100)

[2024-03-26 13:58:33,158: ERROR/MainProcess] consumer: Cannot connect to redis://localhost:6379/0: Error 111 connecting to localhost:6379. Connection refused..
Trying again in 32.00 seconds... (16/100)

[2024-03-26 13:59:05,197: ERROR/MainProcess] consumer: Cannot connect to redis://localhost:6379/0: Error 111 connecting to localhost:6379. Connection refused..
Trying again in 32.00 seconds... (16/100)

[2024-03-26 13:59:37,238: ERROR/MainProcess] consumer: Cannot connect to redis://localhost:6379/0: Error 111 connecting to localhost:6379. Connection refused..
Trying again in 32.00 seconds... (16/100)

[2024-03-26 14:00:09,273: ERROR/MainProcess] consumer: Cannot connect to redis://localhost:6379/0: Error 111 connecting to localhost:6379. Connection refused..
Trying again in 32.00 seconds... (16/100)

[2024-03-26 14:00:41,310: ERROR/MainProcess] consumer: Cannot connect to redis://localhost:6379/0: Error 111 connecting to localhost:6379. Connection refused..
Trying again in 32.00 seconds... (16/100)

[2024-03-26 14:01:13,349: ERROR/MainProcess] consumer: Cannot connect to redis://localhost:6379/0: Error 111 connecting to localhost:6379. Connection refused..
Trying again in 32.00 seconds... (16/100)

[2024-03-26 14:01:45,387: ERROR/MainProcess] consumer: Cannot connect to redis://localhost:6379/0: Error 111 connecting to localhost:6379. Connection refused..
Trying again in 32.00 seconds... (16/100)

[2024-03-26 14:02:17,424: ERROR/MainProcess] consumer: Cannot connect to redis://localhost:6379/0: Error 111 connecting to localhost:6379. Connection refused..
Trying again in 32.00 seconds... (16/100)

[2024-03-26 14:02:49,459: ERROR/MainProcess] consumer: Cannot connect to redis://localhost:6379/0: Error 111 connecting to localhost:6379. Connection refused..
Trying again in 32.00 seconds... (16/100)

[2024-03-26 14:03:21,497: ERROR/MainProcess] consumer: Cannot connect to redis://localhost:6379/0: Error 111 connecting to localhost:6379. Connection refused..
Trying again in 32.00 seconds... (16/100)

[2024-03-26 14:03:53,534: ERROR/MainProcess] consumer: Cannot connect to redis://localhost:6379/0: Error 111 connecting to localhost:6379. Connection refused..
Trying again in 32.00 seconds... (16/100)

[2024-03-26 14:04:25,572: ERROR/MainProcess] consumer: Cannot connect to redis://localhost:6379/0: Error 111 connecting to localhost:6379. Connection refused..
Trying again in 32.00 seconds... (16/100)

[2024-03-26 14:04:57,608: ERROR/MainProcess] consumer: Cannot connect to redis://localhost:6379/0: Error 111 connecting to localhost:6379. Connection refused..
Trying again in 32.00 seconds... (16/100)

[2024-03-26 14:05:29,648: ERROR/MainProcess] consumer: Cannot connect to redis://localhost:6379/0: Error 111 connecting to localhost:6379. Connection refused..
Trying again in 32.00 seconds... (16/100)

[2024-03-26 14:06:01,685: ERROR/MainProcess] consumer: Cannot connect to redis://localhost:6379/0: Error 111 connecting to localhost:6379. Connection refused..
Trying again in 32.00 seconds... (16/100)

[2024-03-26 14:06:33,724: ERROR/MainProcess] consumer: Cannot connect to redis://localhost:6379/0: Error 111 connecting to localhost:6379. Connection refused..
Trying again in 32.00 seconds... (16/100)

[2024-03-26 14:07:05,761: ERROR/MainProcess] consumer: Cannot connect to redis://localhost:6379/0: Error 111 connecting to localhost:6379. Connection refused..
Trying again in 32.00 seconds... (16/100)

[2024-03-26 14:07:37,799: ERROR/MainProcess] consumer: Cannot connect to redis://localhost:6379/0: Error 111 connecting to localhost:6379. Connection refused..
Trying again in 32.00 seconds... (16/100)

[2024-03-26 14:08:09,839: ERROR/MainProcess] consumer: Cannot connect to redis://localhost:6379/0: Error 111 connecting to localhost:6379. Connection refused..
Trying again in 32.00 seconds... (16/100)

[2024-03-26 14:08:41,875: ERROR/MainProcess] consumer: Cannot connect to redis://localhost:6379/0: Error 111 connecting to localhost:6379. Connection refused..
Trying again in 32.00 seconds... (16/100)

[2024-03-26 14:09:13,912: ERROR/MainProcess] consumer: Cannot connect to redis://localhost:6379/0: Error 111 connecting to localhost:6379. Connection refused..
Trying again in 32.00 seconds... (16/100)

[2024-03-26 14:09:45,950: ERROR/MainProcess] consumer: Cannot connect to redis://localhost:6379/0: Error 111 connecting to localhost:6379. Connection refused..
Trying again in 32.00 seconds... (16/100)

[2024-03-26 14:10:17,988: ERROR/MainProcess] consumer: Cannot connect to redis://localhost:6379/0: Error 111 connecting to localhost:6379. Connection refused..
Trying again in 32.00 seconds... (16/100)

[2024-03-26 14:10:50,032: ERROR/MainProcess] consumer: Cannot connect to redis://localhost:6379/0: Error 111 connecting to localhost:6379. Connection refused..
Trying again in 32.00 seconds... (16/100)

[2024-03-26 14:11:22,071: ERROR/MainProcess] consumer: Cannot connect to redis://localhost:6379/0: Error 111 connecting to localhost:6379. Connection refused..
Trying again in 32.00 seconds... (16/100)

[2024-03-26 14:11:54,109: ERROR/MainProcess] consumer: Cannot connect to redis://localhost:6379/0: Error 111 connecting to localhost:6379. Connection refused..
Trying again in 32.00 seconds... (16/100)

[2024-03-26 14:12:26,146: ERROR/MainProcess] consumer: Cannot connect to redis://localhost:6379/0: Error 111 connecting to localhost:6379. Connection refused..
Trying again in 32.00 seconds... (16/100)

[2024-03-26 14:12:58,183: ERROR/MainProcess] consumer: Cannot connect to redis://localhost:6379/0: Error 111 connecting to localhost:6379. Connection refused..
Trying again in 32.00 seconds... (16/100)

[2024-03-26 14:13:30,220: ERROR/MainProcess] consumer: Cannot connect to redis://localhost:6379/0: Error 111 connecting to localhost:6379. Connection refused..
Trying again in 32.00 seconds... (16/100)

[2024-03-26 14:14:02,257: ERROR/MainProcess] consumer: Cannot connect to redis://localhost:6379/0: Error 111 connecting to localhost:6379. Connection refused..
Trying again in 32.00 seconds... (16/100)

[2024-03-26 14:14:34,295: ERROR/MainProcess] consumer: Cannot connect to redis://localhost:6379/0: Error 111 connecting to localhost:6379. Connection refused..
Trying again in 32.00 seconds... (16/100)

[2024-03-26 14:15:06,328: ERROR/MainProcess] consumer: Cannot connect to redis://localhost:6379/0: Error 111 connecting to localhost:6379. Connection refused..
Trying again in 32.00 seconds... (16/100)

[2024-03-26 14:15:38,360: ERROR/MainProcess] consumer: Cannot connect to redis://localhost:6379/0: Error 111 connecting to localhost:6379. Connection refused..
Trying again in 32.00 seconds... (16/100)

[2024-03-26 14:16:10,397: ERROR/MainProcess] consumer: Cannot connect to redis://localhost:6379/0: Error 111 connecting to localhost:6379. Connection refused..
Trying again in 32.00 seconds... (16/100)

[2024-03-26 14:16:42,433: ERROR/MainProcess] consumer: Cannot connect to redis://localhost:6379/0: Error 111 connecting to localhost:6379. Connection refused..
Trying again in 32.00 seconds... (16/100)

[2024-03-26 14:17:14,470: ERROR/MainProcess] consumer: Cannot connect to redis://localhost:6379/0: Error 111 connecting to localhost:6379. Connection refused..
Trying again in 32.00 seconds... (16/100)

[2024-03-26 14:17:46,508: ERROR/MainProcess] consumer: Cannot connect to redis://localhost:6379/0: Error 111 connecting to localhost:6379. Connection refused..
Trying again in 32.00 seconds... (16/100)

[2024-03-26 14:18:18,546: ERROR/MainProcess] consumer: Cannot connect to redis://localhost:6379/0: Error 111 connecting to localhost:6379. Connection refused..
Trying again in 32.00 seconds... (16/100)

[2024-03-26 14:18:50,583: ERROR/MainProcess] consumer: Cannot connect to redis://localhost:6379/0: Error 111 connecting to localhost:6379. Connection refused..
Trying again in 32.00 seconds... (16/100)

[2024-03-26 14:19:22,616: ERROR/MainProcess] consumer: Cannot connect to redis://localhost:6379/0: Error 111 connecting to localhost:6379. Connection refused..
Trying again in 32.00 seconds... (16/100)

[2024-03-26 14:19:54,651: ERROR/MainProcess] consumer: Cannot connect to redis://localhost:6379/0: Error 111 connecting to localhost:6379. Connection refused..
Trying again in 32.00 seconds... (16/100)

[2024-03-26 14:20:26,687: ERROR/MainProcess] consumer: Cannot connect to redis://localhost:6379/0: Error 111 connecting to localhost:6379. Connection refused..
Trying again in 32.00 seconds... (16/100)

[2024-03-26 14:20:58,724: ERROR/MainProcess] consumer: Cannot connect to redis://localhost:6379/0: Error 111 connecting to localhost:6379. Connection refused..
Trying again in 32.00 seconds... (16/100)

[2024-03-26 14:21:30,761: ERROR/MainProcess] consumer: Cannot connect to redis://localhost:6379/0: Error 111 connecting to localhost:6379. Connection refused..
Trying again in 32.00 seconds... (16/100)

[2024-03-26 14:22:02,798: ERROR/MainProcess] consumer: Cannot connect to redis://localhost:6379/0: Error 111 connecting to localhost:6379. Connection refused..
Trying again in 32.00 seconds... (16/100)

[2024-03-26 14:22:34,836: ERROR/MainProcess] consumer: Cannot connect to redis://localhost:6379/0: Error 111 connecting to localhost:6379. Connection refused..
Trying again in 32.00 seconds... (16/100)

[2024-03-26 14:23:06,872: ERROR/MainProcess] consumer: Cannot connect to redis://localhost:6379/0: Error 111 connecting to localhost:6379. Connection refused..
Trying again in 32.00 seconds... (16/100)

[2024-03-26 14:23:38,909: ERROR/MainProcess] consumer: Cannot connect to redis://localhost:6379/0: Error 111 connecting to localhost:6379. Connection refused..
Trying again in 32.00 seconds... (16/100)

[2024-03-26 14:24:10,945: ERROR/MainProcess] consumer: Cannot connect to redis://localhost:6379/0: Error 111 connecting to localhost:6379. Connection refused..
Trying again in 32.00 seconds... (16/100)

[2024-03-26 14:24:42,983: ERROR/MainProcess] consumer: Cannot connect to redis://localhost:6379/0: Error 111 connecting to localhost:6379. Connection refused..
Trying again in 32.00 seconds... (16/100)

[2024-03-26 14:25:15,021: ERROR/MainProcess] consumer: Cannot connect to redis://localhost:6379/0: Error 111 connecting to localhost:6379. Connection refused..
Trying again in 32.00 seconds... (16/100)

[2024-03-26 14:25:47,060: ERROR/MainProcess] consumer: Cannot connect to redis://localhost:6379/0: Error 111 connecting to localhost:6379. Connection refused..
Trying again in 32.00 seconds... (16/100)

[2024-03-26 14:26:19,097: ERROR/MainProcess] consumer: Cannot connect to redis://localhost:6379/0: Error 111 connecting to localhost:6379. Connection refused..
Trying again in 32.00 seconds... (16/100)

[2024-03-26 14:26:51,131: ERROR/MainProcess] consumer: Cannot connect to redis://localhost:6379/0: Error 111 connecting to localhost:6379. Connection refused..
Trying again in 32.00 seconds... (16/100)

[2024-03-26 14:27:23,168: ERROR/MainProcess] consumer: Cannot connect to redis://localhost:6379/0: Error 111 connecting to localhost:6379. Connection refused..
Trying again in 32.00 seconds... (16/100)

[2024-03-26 14:27:55,206: ERROR/MainProcess] consumer: Cannot connect to redis://localhost:6379/0: Error 111 connecting to localhost:6379. Connection refused..
Trying again in 32.00 seconds... (16/100)

[2024-03-26 14:28:27,242: ERROR/MainProcess] consumer: Cannot connect to redis://localhost:6379/0: Error 111 connecting to localhost:6379. Connection refused..
Trying again in 32.00 seconds... (16/100)

[2024-03-26 14:28:59,281: ERROR/MainProcess] consumer: Cannot connect to redis://localhost:6379/0: Error 111 connecting to localhost:6379. Connection refused..
Trying again in 32.00 seconds... (16/100)

[2024-03-26 14:29:31,318: ERROR/MainProcess] consumer: Cannot connect to redis://localhost:6379/0: Error 111 connecting to localhost:6379. Connection refused..
Trying again in 32.00 seconds... (16/100)

[2024-03-26 14:30:03,354: ERROR/MainProcess] consumer: Cannot connect to redis://localhost:6379/0: Error 111 connecting to localhost:6379. Connection refused..
Trying again in 32.00 seconds... (16/100)

[2024-03-26 14:30:35,391: ERROR/MainProcess] consumer: Cannot connect to redis://localhost:6379/0: Error 111 connecting to localhost:6379. Connection refused..
Trying again in 32.00 seconds... (16/100)

[2024-03-26 14:31:07,428: ERROR/MainProcess] consumer: Cannot connect to redis://localhost:6379/0: Error 111 connecting to localhost:6379. Connection refused..
Trying again in 32.00 seconds... (16/100)

[2024-03-26 14:31:39,466: ERROR/MainProcess] consumer: Cannot connect to redis://localhost:6379/0: Error 111 connecting to localhost:6379. Connection refused..
Trying again in 32.00 seconds... (16/100)

[2024-03-26 14:32:11,502: ERROR/MainProcess] consumer: Cannot connect to redis://localhost:6379/0: Error 111 connecting to localhost:6379. Connection refused..
Trying again in 32.00 seconds... (16/100)

[2024-03-26 14:32:43,542: ERROR/MainProcess] consumer: Cannot connect to redis://localhost:6379/0: Error 111 connecting to localhost:6379. Connection refused..
Trying again in 32.00 seconds... (16/100)

[2024-03-26 14:33:15,579: ERROR/MainProcess] consumer: Cannot connect to redis://localhost:6379/0: Error 111 connecting to localhost:6379. Connection refused..
Trying again in 32.00 seconds... (16/100)

[2024-03-26 14:33:47,616: ERROR/MainProcess] consumer: Cannot connect to redis://localhost:6379/0: Error 111 connecting to localhost:6379. Connection refused..
Trying again in 32.00 seconds... (16/100)

[2024-03-26 14:34:19,657: ERROR/MainProcess] consumer: Cannot connect to redis://localhost:6379/0: Error 111 connecting to localhost:6379. Connection refused..
Trying again in 32.00 seconds... (16/100)

[2024-03-26 14:34:51,693: CRITICAL/MainProcess] Unrecoverable error: OperationalError('Error 111 connecting to localhost:6379. Connection refused.')
Traceback (most recent call last):
  File "/root/bingx-trading-bot-website/backend/venv/lib/python3.10/site-packages/kombu/transport/virtual/base.py", line 951, in create_channel
    return self._avail_channels.pop()
IndexError: pop from empty list

During handling of the above exception, another exception occurred:

Traceback (most recent call last):
  File "/root/bingx-trading-bot-website/backend/venv/lib/python3.10/site-packages/redis/connection.py", line 264, in connect
    sock = self.retry.call_with_retry(
  File "/root/bingx-trading-bot-website/backend/venv/lib/python3.10/site-packages/redis/retry.py", line 46, in call_with_retry
    return do()
  File "/root/bingx-trading-bot-website/backend/venv/lib/python3.10/site-packages/redis/connection.py", line 265, in <lambda>
    lambda: self._connect(), lambda error: self.disconnect(error)
  File "/root/bingx-trading-bot-website/backend/venv/lib/python3.10/site-packages/redis/connection.py", line 627, in _connect
    raise err
  File "/root/bingx-trading-bot-website/backend/venv/lib/python3.10/site-packages/redis/connection.py", line 615, in _connect
    sock.connect(socket_address)
  File "/root/bingx-trading-bot-website/backend/venv/lib/python3.10/site-packages/gevent/_socketcommon.py", line 590, in connect
    self._internal_connect(address)
  File "/root/bingx-trading-bot-website/backend/venv/lib/python3.10/site-packages/gevent/_socketcommon.py", line 634, in _internal_connect
    raise _SocketError(err, strerror(err))
ConnectionRefusedError: [Errno 111] Connection refused

During handling of the above exception, another exception occurred:

Traceback (most recent call last):
  File "/root/bingx-trading-bot-website/backend/venv/lib/python3.10/site-packages/kombu/connection.py", line 472, in _reraise_as_library_errors
    yield
  File "/root/bingx-trading-bot-website/backend/venv/lib/python3.10/site-packages/kombu/connection.py", line 459, in _ensure_connection
    return retry_over_time(
  File "/root/bingx-trading-bot-website/backend/venv/lib/python3.10/site-packages/kombu/utils/functional.py", line 318, in retry_over_time
    return fun(*args, **kwargs)
  File "/root/bingx-trading-bot-website/backend/venv/lib/python3.10/site-packages/kombu/connection.py", line 934, in _connection_factory
    self._connection = self._establish_connection()
  File "/root/bingx-trading-bot-website/backend/venv/lib/python3.10/site-packages/kombu/connection.py", line 860, in _establish_connection
    conn = self.transport.establish_connection()
  File "/root/bingx-trading-bot-website/backend/venv/lib/python3.10/site-packages/kombu/transport/virtual/base.py", line 975, in establish_connection
    self._avail_channels.append(self.create_channel(self))
  File "/root/bingx-trading-bot-website/backend/venv/lib/python3.10/site-packages/kombu/transport/virtual/base.py", line 953, in create_channel
    channel = self.Channel(connection)
  File "/root/bingx-trading-bot-website/backend/venv/lib/python3.10/site-packages/kombu/transport/redis.py", line 744, in __init__
    self.client.ping()
  File "/root/bingx-trading-bot-website/backend/venv/lib/python3.10/site-packages/redis/commands/core.py", line 1216, in ping
    return self.execute_command("PING", **kwargs)
  File "/root/bingx-trading-bot-website/backend/venv/lib/python3.10/site-packages/redis/client.py", line 533, in execute_command
    conn = self.connection or pool.get_connection(command_name, **options)
  File "/root/bingx-trading-bot-website/backend/venv/lib/python3.10/site-packages/redis/connection.py", line 1086, in get_connection
    connection.connect()
  File "/root/bingx-trading-bot-website/backend/venv/lib/python3.10/site-packages/redis/connection.py", line 270, in connect
    raise ConnectionError(self._error_message(e))
redis.exceptions.ConnectionError: Error 111 connecting to localhost:6379. Connection refused.

The above exception was the direct cause of the following exception:

Traceback (most recent call last):
  File "/root/bingx-trading-bot-website/backend/venv/lib/python3.10/site-packages/celery/worker/worker.py", line 202, in start
    self.blueprint.start(self)
  File "/root/bingx-trading-bot-website/backend/venv/lib/python3.10/site-packages/celery/bootsteps.py", line 116, in start
    step.start(parent)
  File "/root/bingx-trading-bot-website/backend/venv/lib/python3.10/site-packages/celery/bootsteps.py", line 365, in start
    return self.obj.start()
  File "/root/bingx-trading-bot-website/backend/venv/lib/python3.10/site-packages/celery/worker/consumer/consumer.py", line 340, in start
    blueprint.start(self)
  File "/root/bingx-trading-bot-website/backend/venv/lib/python3.10/site-packages/celery/bootsteps.py", line 116, in start
    step.start(parent)
  File "/root/bingx-trading-bot-website/backend/venv/lib/python3.10/site-packages/celery/worker/consumer/connection.py", line 21, in start
    c.connection = c.connect()
  File "/root/bingx-trading-bot-website/backend/venv/lib/python3.10/site-packages/celery/worker/consumer/consumer.py", line 469, in connect
    conn = self.connection_for_read(heartbeat=self.amqheartbeat)
  File "/root/bingx-trading-bot-website/backend/venv/lib/python3.10/site-packages/celery/worker/consumer/consumer.py", line 475, in connection_for_read
    return self.ensure_connected(
  File "/root/bingx-trading-bot-website/backend/venv/lib/python3.10/site-packages/celery/worker/consumer/consumer.py", line 526, in ensure_connected
    conn = conn.ensure_connection(
  File "/root/bingx-trading-bot-website/backend/venv/lib/python3.10/site-packages/kombu/connection.py", line 406, in ensure_connection
    self._ensure_connection(*args, **kwargs)
  File "/root/bingx-trading-bot-website/backend/venv/lib/python3.10/site-packages/kombu/connection.py", line 458, in _ensure_connection
    with ctx():
  File "/usr/lib/python3.10/contextlib.py", line 153, in __exit__
    self.gen.throw(typ, value, traceback)
  File "/root/bingx-trading-bot-website/backend/venv/lib/python3.10/site-packages/kombu/connection.py", line 476, in _reraise_as_library_errors
    raise ConnectionError(str(exc)) from exc
kombu.exceptions.OperationalError: Error 111 connecting to localhost:6379. Connection refused.
